{"C:/React Projects/pokedex/src/App.tsx": {"path":"C:/React Projects/pokedex/src/App.tsx","statementMap":{"0":{"start":{"line":11,"column":18},"end":{"line":23,"column":null}},"1":{"start":{"line":13,"column":22},"end":{"line":13,"column":null}},"2":{"start":{"line":15,"column":2},"end":{"line":21,"column":null}},"3":{"start":{"line":26,"column":20},"end":{"line":43,"column":null}},"4":{"start":{"line":45,"column":2},"end":{"line":45,"column":null}}},"fnMap":{"0":{"name":"(anonymous_0)","decl":{"start":{"line":11,"column":18},"end":{"line":11,"column":24}},"loc":{"start":{"line":11,"column":24},"end":{"line":23,"column":null}}},"1":{"name":"App","decl":{"start":{"line":25,"column":9},"end":{"line":25,"column":15}},"loc":{"start":{"line":25,"column":15},"end":{"line":46,"column":null}}}},"branchMap":{},"s":{"0":0,"1":0,"2":0,"3":0,"4":0},"f":{"0":0,"1":0},"b":{}}
,"C:/React Projects/pokedex/src/Api/Api.ts": {"path":"C:/React Projects/pokedex/src/Api/Api.ts","statementMap":{"0":{"start":{"line":3,"column":22},"end":{"line":68,"column":null}},"1":{"start":{"line":4,"column":2},"end":{"line":67,"column":null}},"2":{"start":{"line":6,"column":16},"end":{"line":6,"column":null}},"3":{"start":{"line":7,"column":21},"end":{"line":7,"column":null}},"4":{"start":{"line":8,"column":20},"end":{"line":8,"column":null}},"5":{"start":{"line":11,"column":4},"end":{"line":18,"column":null}},"6":{"start":{"line":12,"column":19},"end":{"line":16,"column":null}},"7":{"start":{"line":17,"column":6},"end":{"line":17,"column":null}},"8":{"start":{"line":20,"column":24},"end":{"line":48,"column":null}},"9":{"start":{"line":21,"column":23},"end":{"line":21,"column":null}},"10":{"start":{"line":22,"column":19},"end":{"line":22,"column":null}},"11":{"start":{"line":25,"column":22},"end":{"line":25,"column":null}},"12":{"start":{"line":26,"column":26},"end":{"line":26,"column":null}},"13":{"start":{"line":29,"column":37},"end":{"line":31,"column":null}},"14":{"start":{"line":32,"column":33},"end":{"line":32,"column":null}},"15":{"start":{"line":34,"column":34},"end":{"line":38,"column":null}},"16":{"start":{"line":35,"column":25},"end":{"line":35,"column":null}},"17":{"start":{"line":36,"column":21},"end":{"line":36,"column":null}},"18":{"start":{"line":37,"column":8},"end":{"line":37,"column":null}},"19":{"start":{"line":40,"column":30},"end":{"line":40,"column":null}},"20":{"start":{"line":42,"column":6},"end":{"line":47,"column":null}},"21":{"start":{"line":53,"column":29},"end":{"line":53,"column":null}},"22":{"start":{"line":59,"column":17},"end":{"line":63,"column":null}},"23":{"start":{"line":64,"column":4},"end":{"line":64,"column":null}},"24":{"start":{"line":66,"column":4},"end":{"line":66,"column":null}}},"fnMap":{"0":{"name":"(anonymous_0)","decl":{"start":{"line":3,"column":22},"end":{"line":3,"column":29}},"loc":{"start":{"line":3,"column":64},"end":{"line":68,"column":null}}},"1":{"name":"(anonymous_1)","decl":{"start":{"line":20,"column":44},"end":{"line":20,"column":51}},"loc":{"start":{"line":20,"column":73},"end":{"line":48,"column":5}}},"2":{"name":"(anonymous_2)","decl":{"start":{"line":34,"column":49},"end":{"line":34,"column":56}},"loc":{"start":{"line":34,"column":79},"end":{"line":38,"column":7}}}},"branchMap":{"0":{"loc":{"start":{"line":6,"column":16},"end":{"line":6,"column":null}},"type":"cond-expr","locations":[{"start":{"line":6,"column":24},"end":{"line":6,"column":71}},{"start":{"line":6,"column":71},"end":{"line":6,"column":null}}]},"1":{"loc":{"start":{"line":11,"column":4},"end":{"line":18,"column":null}},"type":"if","locations":[{"start":{"line":11,"column":4},"end":{"line":18,"column":null}},{"start":{},"end":{}}]}},"s":{"0":1,"1":0,"2":0,"3":0,"4":0,"5":0,"6":0,"7":0,"8":0,"9":0,"10":0,"11":0,"12":0,"13":0,"14":0,"15":0,"16":0,"17":0,"18":0,"19":0,"20":0,"21":0,"22":0,"23":0,"24":0},"f":{"0":0,"1":0,"2":0},"b":{"0":[0,0],"1":[0,0]}}
,"C:/React Projects/pokedex/src/components/Body/index.tsx": {"path":"C:/React Projects/pokedex/src/components/Body/index.tsx","statementMap":{"0":{"start":{"line":12,"column":13},"end":{"line":124,"column":null}},"1":{"start":{"line":13,"column":28},"end":{"line":13,"column":null}},"2":{"start":{"line":14,"column":46},"end":{"line":14,"column":null}},"3":{"start":{"line":15,"column":40},"end":{"line":15,"column":null}},"4":{"start":{"line":17,"column":32},"end":{"line":19,"column":null}},"5":{"start":{"line":22,"column":35},"end":{"line":25,"column":null}},"6":{"start":{"line":24,"column":19},"end":{"line":24,"column":null}},"7":{"start":{"line":27,"column":2},"end":{"line":27,"column":null}},"8":{"start":{"line":28,"column":21},"end":{"line":32,"column":null}},"9":{"start":{"line":29,"column":4},"end":{"line":31,"column":null}},"10":{"start":{"line":30,"column":6},"end":{"line":30,"column":null}},"11":{"start":{"line":34,"column":25},"end":{"line":38,"column":null}},"12":{"start":{"line":35,"column":4},"end":{"line":37,"column":null}},"13":{"start":{"line":36,"column":6},"end":{"line":36,"column":null}},"14":{"start":{"line":40,"column":32},"end":{"line":43,"column":null}},"15":{"start":{"line":41,"column":4},"end":{"line":41,"column":null}},"16":{"start":{"line":42,"column":4},"end":{"line":42,"column":null}},"17":{"start":{"line":46,"column":2},"end":{"line":51,"column":null}},"18":{"start":{"line":47,"column":18},"end":{"line":49,"column":null}},"19":{"start":{"line":48,"column":6},"end":{"line":48,"column":null}},"20":{"start":{"line":50,"column":4},"end":{"line":50,"column":null}},"21":{"start":{"line":50,"column":17},"end":{"line":50,"column":null}},"22":{"start":{"line":53,"column":23},"end":{"line":55,"column":null}},"23":{"start":{"line":54,"column":4},"end":{"line":54,"column":null}},"24":{"start":{"line":58,"column":26},"end":{"line":61,"column":null}},"25":{"start":{"line":60,"column":6},"end":{"line":60,"column":null}},"26":{"start":{"line":63,"column":2},"end":{"line":71,"column":null}},"27":{"start":{"line":64,"column":4},"end":{"line":70,"column":null}},"28":{"start":{"line":73,"column":2},"end":{"line":75,"column":null}},"29":{"start":{"line":74,"column":4},"end":{"line":74,"column":null}},"30":{"start":{"line":77,"column":2},"end":{"line":122,"column":null}},"31":{"start":{"line":94,"column":14},"end":{"line":99,"column":null}},"32":{"start":{"line":98,"column":31},"end":{"line":98,"column":null}}},"fnMap":{"0":{"name":"(anonymous_0)","decl":{"start":{"line":12,"column":13},"end":{"line":12,"column":19}},"loc":{"start":{"line":12,"column":19},"end":{"line":124,"column":null}}},"1":{"name":"(anonymous_1)","decl":{"start":{"line":24,"column":13},"end":{"line":24,"column":19}},"loc":{"start":{"line":24,"column":19},"end":{"line":24,"column":null}}},"2":{"name":"(anonymous_2)","decl":{"start":{"line":28,"column":21},"end":{"line":28,"column":27}},"loc":{"start":{"line":28,"column":27},"end":{"line":32,"column":null}}},"3":{"name":"(anonymous_3)","decl":{"start":{"line":34,"column":25},"end":{"line":34,"column":31}},"loc":{"start":{"line":34,"column":31},"end":{"line":38,"column":null}}},"4":{"name":"(anonymous_4)","decl":{"start":{"line":40,"column":32},"end":{"line":40,"column":33}},"loc":{"start":{"line":40,"column":50},"end":{"line":43,"column":null}}},"5":{"name":"(anonymous_5)","decl":{"start":{"line":46,"column":12},"end":{"line":46,"column":18}},"loc":{"start":{"line":46,"column":18},"end":{"line":51,"column":5}}},"6":{"name":"(anonymous_6)","decl":{"start":{"line":47,"column":29},"end":{"line":47,"column":35}},"loc":{"start":{"line":47,"column":35},"end":{"line":49,"column":7}}},"7":{"name":"(anonymous_7)","decl":{"start":{"line":50,"column":11},"end":{"line":50,"column":17}},"loc":{"start":{"line":50,"column":17},"end":{"line":50,"column":null}}},"8":{"name":"(anonymous_8)","decl":{"start":{"line":53,"column":23},"end":{"line":53,"column":24}},"loc":{"start":{"line":53,"column":71},"end":{"line":55,"column":null}}},"9":{"name":"(anonymous_9)","decl":{"start":{"line":59,"column":4},"end":{"line":59,"column":5}},"loc":{"start":{"line":60,"column":6},"end":{"line":60,"column":null}}},"10":{"name":"(anonymous_10)","decl":{"start":{"line":93,"column":31},"end":{"line":93,"column":32}},"loc":{"start":{"line":94,"column":14},"end":{"line":99,"column":null}}},"11":{"name":"(anonymous_11)","decl":{"start":{"line":98,"column":25},"end":{"line":98,"column":31}},"loc":{"start":{"line":98,"column":31},"end":{"line":98,"column":null}}}},"branchMap":{"0":{"loc":{"start":{"line":29,"column":4},"end":{"line":31,"column":null}},"type":"if","locations":[{"start":{"line":29,"column":4},"end":{"line":31,"column":null}},{"start":{},"end":{}}]},"1":{"loc":{"start":{"line":35,"column":4},"end":{"line":37,"column":null}},"type":"if","locations":[{"start":{"line":35,"column":4},"end":{"line":37,"column":null}},{"start":{},"end":{}}]},"2":{"loc":{"start":{"line":63,"column":2},"end":{"line":71,"column":null}},"type":"if","locations":[{"start":{"line":63,"column":2},"end":{"line":71,"column":null}},{"start":{},"end":{}}]},"3":{"loc":{"start":{"line":73,"column":2},"end":{"line":75,"column":null}},"type":"if","locations":[{"start":{"line":73,"column":2},"end":{"line":75,"column":null}},{"start":{},"end":{}}]},"4":{"loc":{"start":{"line":80,"column":9},"end":{"line":80,"column":null}},"type":"binary-expr","locations":[{"start":{"line":80,"column":9},"end":{"line":80,"column":20}},{"start":{"line":80,"column":20},"end":{"line":80,"column":null}}]},"5":{"loc":{"start":{"line":98,"column":53},"end":{"line":98,"column":85}},"type":"binary-expr","locations":[{"start":{"line":98,"column":53},"end":{"line":98,"column":76}},{"start":{"line":98,"column":76},"end":{"line":98,"column":85}}]},"6":{"loc":{"start":{"line":105,"column":11},"end":{"line":118,"column":null}},"type":"cond-expr","locations":[{"start":{"line":106,"column":12},"end":{"line":111,"column":null}},{"start":{"line":113,"column":12},"end":{"line":118,"column":null}}]}},"s":{"0":1,"1":2,"2":2,"3":2,"4":2,"5":2,"6":0,"7":2,"8":2,"9":0,"10":0,"11":2,"12":0,"13":0,"14":2,"15":1,"16":1,"17":2,"18":1,"19":0,"20":1,"21":1,"22":2,"23":0,"24":2,"25":2,"26":2,"27":0,"28":2,"29":0,"30":2,"31":2,"32":1},"f":{"0":2,"1":0,"2":0,"3":0,"4":1,"5":1,"6":0,"7":1,"8":0,"9":2,"10":2,"11":1},"b":{"0":[0,0],"1":[0,0],"2":[0,2],"3":[0,2],"4":[2,0],"5":[1,0],"6":[1,1]}}
,"C:/React Projects/pokedex/src/components/DetailedPokemon/index.tsx": {"path":"C:/React Projects/pokedex/src/components/DetailedPokemon/index.tsx","statementMap":{"0":{"start":{"line":14,"column":24},"end":{"line":186,"column":null}},"1":{"start":{"line":21,"column":48},"end":{"line":39,"column":null}},"2":{"start":{"line":40,"column":20},"end":{"line":47,"column":null}},"3":{"start":{"line":50,"column":24},"end":{"line":50,"column":null}},"4":{"start":{"line":53,"column":2},"end":{"line":184,"column":null}},"5":{"start":{"line":76,"column":30},"end":{"line":76,"column":null}},"6":{"start":{"line":77,"column":12},"end":{"line":83,"column":null}},"7":{"start":{"line":94,"column":12},"end":{"line":107,"column":null}},"8":{"start":{"line":159,"column":31},"end":{"line":159,"column":null}},"9":{"start":{"line":161,"column":32},"end":{"line":161,"column":null}},"10":{"start":{"line":162,"column":14},"end":{"line":175,"column":null}}},"fnMap":{"0":{"name":"(anonymous_0)","decl":{"start":{"line":14,"column":24},"end":{"line":14,"column":25}},"loc":{"start":{"line":18,"column":24},"end":{"line":186,"column":null}}},"1":{"name":"(anonymous_1)","decl":{"start":{"line":75,"column":30},"end":{"line":75,"column":31}},"loc":{"start":{"line":75,"column":47},"end":{"line":85,"column":11}}},"2":{"name":"(anonymous_2)","decl":{"start":{"line":93,"column":34},"end":{"line":93,"column":35}},"loc":{"start":{"line":93,"column":58},"end":{"line":109,"column":11}}},"3":{"name":"(anonymous_3)","decl":{"start":{"line":158,"column":32},"end":{"line":158,"column":33}},"loc":{"start":{"line":158,"column":49},"end":{"line":177,"column":13}}}},"branchMap":{},"s":{"0":1,"1":2,"2":2,"3":2,"4":2,"5":2,"6":2,"7":4,"8":12,"9":12,"10":12},"f":{"0":2,"1":2,"2":4,"3":12},"b":{}}
,"C:/React Projects/pokedex/src/components/NavBar/index.tsx": {"path":"C:/React Projects/pokedex/src/components/NavBar/index.tsx","statementMap":{"0":{"start":{"line":12,"column":15},"end":{"line":105,"column":null}},"1":{"start":{"line":14,"column":19},"end":{"line":14,"column":null}},"2":{"start":{"line":15,"column":20},"end":{"line":37,"column":null}},"3":{"start":{"line":41,"column":2},"end":{"line":103,"column":null}},"4":{"start":{"line":67,"column":14},"end":{"line":98,"column":null}},"5":{"start":{"line":86,"column":31},"end":{"line":86,"column":null}}},"fnMap":{"0":{"name":"(anonymous_0)","decl":{"start":{"line":12,"column":15},"end":{"line":12,"column":21}},"loc":{"start":{"line":12,"column":21},"end":{"line":105,"column":null}}},"1":{"name":"(anonymous_1)","decl":{"start":{"line":66,"column":27},"end":{"line":66,"column":28}},"loc":{"start":{"line":67,"column":14},"end":{"line":98,"column":null}}},"2":{"name":"(anonymous_2)","decl":{"start":{"line":86,"column":25},"end":{"line":86,"column":31}},"loc":{"start":{"line":86,"column":31},"end":{"line":86,"column":null}}}},"branchMap":{},"s":{"0":0,"1":0,"2":0,"3":0,"4":0,"5":0},"f":{"0":0,"1":0,"2":0},"b":{}}
,"C:/React Projects/pokedex/src/components/PokemonCards/index.tsx": {"path":"C:/React Projects/pokedex/src/components/PokemonCards/index.tsx","statementMap":{"0":{"start":{"line":4,"column":21},"end":{"line":61,"column":null}},"1":{"start":{"line":7,"column":50},"end":{"line":25,"column":null}},"2":{"start":{"line":28,"column":26},"end":{"line":28,"column":null}},"3":{"start":{"line":30,"column":4},"end":{"line":59,"column":null}},"4":{"start":{"line":53,"column":42},"end":{"line":53,"column":null}},"5":{"start":{"line":54,"column":24},"end":{"line":54,"column":null}}},"fnMap":{"0":{"name":"(anonymous_0)","decl":{"start":{"line":4,"column":21},"end":{"line":4,"column":22}},"loc":{"start":{"line":4,"column":58},"end":{"line":61,"column":null}}},"1":{"name":"(anonymous_1)","decl":{"start":{"line":52,"column":40},"end":{"line":52,"column":41}},"loc":{"start":{"line":52,"column":57},"end":{"line":55,"column":21}}}},"branchMap":{},"s":{"0":2,"1":3,"2":3,"3":3,"4":3,"5":3},"f":{"0":3,"1":3},"b":{}}
,"C:/React Projects/pokedex/src/components/error/index.tsx": {"path":"C:/React Projects/pokedex/src/components/error/index.tsx","statementMap":{"0":{"start":{"line":9,"column":14},"end":{"line":19,"column":null}},"1":{"start":{"line":10,"column":16},"end":{"line":10,"column":null}},"2":{"start":{"line":11,"column":2},"end":{"line":11,"column":null}},"3":{"start":{"line":12,"column":2},"end":{"line":17,"column":null}}},"fnMap":{"0":{"name":"(anonymous_0)","decl":{"start":{"line":9,"column":14},"end":{"line":9,"column":20}},"loc":{"start":{"line":9,"column":20},"end":{"line":19,"column":null}}}},"branchMap":{},"s":{"0":0,"1":0,"2":0,"3":0},"f":{"0":0},"b":{}}
,"C:/React Projects/pokedex/src/components/pokdex/deleteAPi.ts": {"path":"C:/React Projects/pokedex/src/components/pokdex/deleteAPi.ts","statementMap":{"0":{"start":{"line":1,"column":26},"end":{"line":11,"column":null}},"1":{"start":{"line":2,"column":19},"end":{"line":4,"column":null}},"2":{"start":{"line":6,"column":2},"end":{"line":8,"column":null}},"3":{"start":{"line":7,"column":4},"end":{"line":7,"column":null}},"4":{"start":{"line":10,"column":2},"end":{"line":10,"column":null}}},"fnMap":{"0":{"name":"(anonymous_0)","decl":{"start":{"line":1,"column":26},"end":{"line":1,"column":38}},"loc":{"start":{"line":1,"column":38},"end":{"line":11,"column":null}}}},"branchMap":{"0":{"loc":{"start":{"line":6,"column":2},"end":{"line":8,"column":null}},"type":"if","locations":[{"start":{"line":6,"column":2},"end":{"line":8,"column":null}},{"start":{},"end":{}}]}},"s":{"0":1,"1":1,"2":1,"3":0,"4":1},"f":{"0":1},"b":{"0":[0,1]}}
,"C:/React Projects/pokedex/src/components/pokdex/index.tsx": {"path":"C:/React Projects/pokedex/src/components/pokdex/index.tsx","statementMap":{"0":{"start":{"line":3,"column":16},"end":{"line":23,"column":null}},"1":{"start":{"line":5,"column":42},"end":{"line":5,"column":null}},"2":{"start":{"line":8,"column":4},"end":{"line":21,"column":null}}},"fnMap":{"0":{"name":"(anonymous_0)","decl":{"start":{"line":3,"column":16},"end":{"line":3,"column":22}},"loc":{"start":{"line":3,"column":22},"end":{"line":23,"column":null}}}},"branchMap":{},"s":{"0":0,"1":0,"2":0},"f":{"0":0},"b":{}}
,"C:/React Projects/pokedex/src/components/pokdex/patchApi.ts": {"path":"C:/React Projects/pokedex/src/components/pokdex/patchApi.ts","statementMap":{"0":{"start":{"line":1,"column":25},"end":{"line":18,"column":null}},"1":{"start":{"line":2,"column":19},"end":{"line":10,"column":null}},"2":{"start":{"line":16,"column":2},"end":{"line":16,"column":null}},"3":{"start":{"line":17,"column":2},"end":{"line":17,"column":null}}},"fnMap":{"0":{"name":"(anonymous_0)","decl":{"start":{"line":1,"column":25},"end":{"line":1,"column":37}},"loc":{"start":{"line":1,"column":37},"end":{"line":18,"column":null}}}},"branchMap":{},"s":{"0":1,"1":1,"2":1,"3":1},"f":{"0":1},"b":{}}
,"C:/React Projects/pokedex/src/components/pokdex/postApi.ts": {"path":"C:/React Projects/pokedex/src/components/pokdex/postApi.ts","statementMap":{"0":{"start":{"line":1,"column":24},"end":{"line":15,"column":null}},"1":{"start":{"line":2,"column":19},"end":{"line":12,"column":null}},"2":{"start":{"line":14,"column":2},"end":{"line":14,"column":null}},"3":{"start":{"line":17,"column":0},"end":{"line":17,"column":null}}},"fnMap":{"0":{"name":"(anonymous_0)","decl":{"start":{"line":1,"column":24},"end":{"line":1,"column":36}},"loc":{"start":{"line":1,"column":36},"end":{"line":15,"column":null}}}},"branchMap":{},"s":{"0":1,"1":2,"2":1,"3":1},"f":{"0":2},"b":{}}
,"C:/React Projects/pokedex/src/components/pokdex/putApi.ts": {"path":"C:/React Projects/pokedex/src/components/pokdex/putApi.ts","statementMap":{"0":{"start":{"line":1,"column":23},"end":{"line":16,"column":null}},"1":{"start":{"line":2,"column":19},"end":{"line":13,"column":null}},"2":{"start":{"line":15,"column":2},"end":{"line":15,"column":null}}},"fnMap":{"0":{"name":"(anonymous_0)","decl":{"start":{"line":1,"column":23},"end":{"line":1,"column":35}},"loc":{"start":{"line":1,"column":35},"end":{"line":16,"column":null}}}},"branchMap":{},"s":{"0":1,"1":1,"2":1},"f":{"0":1},"b":{}}
,"C:/React Projects/pokedex/src/components/searchBar/index.tsx": {"path":"C:/React Projects/pokedex/src/components/searchBar/index.tsx","statementMap":{"0":{"start":{"line":9,"column":18},"end":{"line":27,"column":null}},"1":{"start":{"line":10,"column":2},"end":{"line":25,"column":null}}},"fnMap":{"0":{"name":"(anonymous_0)","decl":{"start":{"line":9,"column":18},"end":{"line":9,"column":19}},"loc":{"start":{"line":9,"column":55},"end":{"line":27,"column":null}}}},"branchMap":{},"s":{"0":1,"1":2},"f":{"0":2},"b":{}}
,"C:/React Projects/pokedex/src/components/sortBy/index.tsx": {"path":"C:/React Projects/pokedex/src/components/sortBy/index.tsx","statementMap":{"0":{"start":{"line":9,"column":15},"end":{"line":60,"column":null}},"1":{"start":{"line":15,"column":19},"end":{"line":15,"column":null}},"2":{"start":{"line":17,"column":2},"end":{"line":58,"column":null}},"3":{"start":{"line":31,"column":14},"end":{"line":46,"column":null}}},"fnMap":{"0":{"name":"(anonymous_0)","decl":{"start":{"line":9,"column":15},"end":{"line":9,"column":16}},"loc":{"start":{"line":14,"column":22},"end":{"line":60,"column":null}}},"1":{"name":"(anonymous_1)","decl":{"start":{"line":30,"column":12},"end":{"line":30,"column":13}},"loc":{"start":{"line":31,"column":14},"end":{"line":46,"column":null}}}},"branchMap":{},"s":{"0":1,"1":2,"2":2,"3":10},"f":{"0":2,"1":10},"b":{}}
}
